<?xml version="1.0" encoding="UTF-8"?>
<testng-results skipped="0" failed="0" ignored="0" total="1" passed="1">
  <reporter-output>
  </reporter-output>
  <suite name="Surefire suite" duration-ms="29" started-at="2021-01-18T19:01:19Z" finished-at="2021-01-18T19:01:19Z">
    <groups>
    </groups>
    <test name="Surefire test" duration-ms="29" started-at="2021-01-18T19:01:19Z" finished-at="2021-01-18T19:01:19Z">
      <class name="qaclickAcademy.AppTest">
        <test-method status="PASS" signature="shouldAnswerWithTrue()" name="shouldAnswerWithTrue" duration-ms="4" started-at="2021-01-18T19:01:19Z" finished-at="2021-01-18T19:01:19Z">
          <reporter-output>
          </reporter-output>
        </test-method> <!-- shouldAnswerWithTrue -->
      </class> <!-- qaclickAcademy.AppTest -->
    </test> <!-- Surefire test -->
  </suite> <!-- Surefire suite -->
</testng-results>
