<?xml version="1.0" encoding="UTF-8"?>
<!-- Generated by org.testng.reporters.JUnitXMLReporter -->
<testsuite hostname="DESKTOP-D350IPJ" ignored="0" name="Command line test" tests="6" failures="0" timestamp="18 Jan 2021 20:01:01 GMT" time="0.027" errors="0">
  <testcase name="IOSApps" time="0.005" classname="qaclickAcademy.AppiumTest"/>
  <testcase name="NativeAppAndriod" time="0.0" classname="qaclickAcademy.AppiumTest"/>
  <testcase name="DeleteTwitter" time="0.0" classname="qaclickAcademy.RestAPITest"/>
  <testcase name="PostJira" time="0.0" classname="qaclickAcademy.RestAPITest"/>
  <testcase name="BrowserAutomation" time="0.0" classname="qaclickAcademy.SeleniumTest"/>
  <testcase name="elementsUI" time="0.0" classname="qaclickAcademy.SeleniumTest"/>
</testsuite> <!-- Command line test -->
