<?xml version="1.0" encoding="UTF-8"?>
<!-- Generated by org.testng.reporters.JUnitXMLReporter -->
<testsuite hostname="DESKTOP-D350IPJ" ignored="0" name="Surefire test" tests="5" failures="0" timestamp="18 Jan 2021 19:01:19 GMT" time="0.036" errors="0">
  <testcase name="IOSApps" time="0.008" classname="qaclickAcademy.AppiumTest"/>
  <testcase name="DeleteTwitter" time="0.001" classname="qaclickAcademy.RestAPITest"/>
  <testcase name="PostJira" time="0.0" classname="qaclickAcademy.RestAPITest"/>
  <testcase name="BrowserAutomation" time="0.001" classname="qaclickAcademy.SeleniumTest"/>
  <testcase name="elementsUI" time="0.0" classname="qaclickAcademy.SeleniumTest"/>
</testsuite> <!-- Surefire test -->
