<?xml version="1.0" encoding="UTF-8"?>
<testng-results skipped="0" failed="0" ignored="0" total="5" passed="5">
  <reporter-output>
  </reporter-output>
  <suite name="Surefire suite" duration-ms="36" started-at="2021-01-18T19:01:18Z" finished-at="2021-01-18T19:01:18Z">
    <groups>
    </groups>
    <test name="Surefire test" duration-ms="36" started-at="2021-01-18T19:01:18Z" finished-at="2021-01-18T19:01:18Z">
      <class name="qaclickAcademy.RestAPITest">
        <test-method status="PASS" signature="DeleteTwitter()[pri:0, instance:qaclickAcademy.RestAPITest@13c78c0b]" name="DeleteTwitter" duration-ms="1" started-at="2021-01-18T19:01:18Z" finished-at="2021-01-18T19:01:18Z">
          <reporter-output>
          </reporter-output>
        </test-method> <!-- DeleteTwitter -->
        <test-method status="PASS" signature="PostJira()[pri:0, instance:qaclickAcademy.RestAPITest@13c78c0b]" name="PostJira" duration-ms="0" started-at="2021-01-18T19:01:18Z" finished-at="2021-01-18T19:01:18Z">
          <reporter-output>
          </reporter-output>
        </test-method> <!-- PostJira -->
      </class> <!-- qaclickAcademy.RestAPITest -->
      <class name="qaclickAcademy.SeleniumTest">
        <test-method status="PASS" signature="BrowserAutomation()[pri:0, instance:qaclickAcademy.SeleniumTest@12843fce]" name="BrowserAutomation" duration-ms="1" started-at="2021-01-18T19:01:18Z" finished-at="2021-01-18T19:01:18Z">
          <reporter-output>
          </reporter-output>
        </test-method> <!-- BrowserAutomation -->
        <test-method status="PASS" signature="elementsUI()[pri:0, instance:qaclickAcademy.SeleniumTest@12843fce]" name="elementsUI" duration-ms="0" started-at="2021-01-18T19:01:18Z" finished-at="2021-01-18T19:01:18Z">
          <reporter-output>
          </reporter-output>
        </test-method> <!-- elementsUI -->
      </class> <!-- qaclickAcademy.SeleniumTest -->
      <class name="qaclickAcademy.AppiumTest">
        <test-method status="PASS" signature="IOSApps()[pri:0, instance:qaclickAcademy.AppiumTest@2cb4c3ab]" name="IOSApps" duration-ms="8" started-at="2021-01-18T19:01:18Z" finished-at="2021-01-18T19:01:18Z">
          <reporter-output>
          </reporter-output>
        </test-method> <!-- IOSApps -->
      </class> <!-- qaclickAcademy.AppiumTest -->
    </test> <!-- Surefire test -->
  </suite> <!-- Surefire suite -->
</testng-results>
