<?xml version="1.0" encoding="UTF-8"?>
<!-- Generated by org.testng.reporters.JUnitXMLReporter -->
<testsuite hostname="DESKTOP-D350IPJ" ignored="0" name="Test" tests="6" failures="0" timestamp="21 Jan 2021 20:49:13 GMT" time="0.039" errors="0">
  <testcase name="BrowserAutomation" time="0.007" classname="qaclickAcademy.SeleniumTest"/>
  <testcase name="elementsUI" time="0.001" classname="qaclickAcademy.SeleniumTest"/>
  <testcase name="DeleteTwitter" time="0.0" classname="qaclickAcademy.RestAPITest"/>
  <testcase name="PostJira" time="0.0" classname="qaclickAcademy.RestAPITest"/>
  <testcase name="IOSApps" time="0.0" classname="qaclickAcademy.AppiumTest"/>
  <testcase name="NativeAppAndriod" time="0.0" classname="qaclickAcademy.AppiumTest"/>
</testsuite> <!-- Test -->
